<?xml version="1.0" encoding="UTF-8"?>
<!-- Generated by org.testng.reporters.JUnitReportReporter -->
<testsuite name="com.course.testng.suite.PayTest" tests="1" time="0.000" ignored="0" failures="0" timestamp="17 三月 2021 07:36:20 GMT" skipped="0" hostname="BF-201907110921" errors="0">
  <testcase name="paySuccess" time="0.000" classname="com.course.testng.suite.PayTest"/>
</testsuite> <!-- com.course.testng.suite.PayTest -->
